#! /opt/homebrew/Cellar/icarus-verilog/11.0/bin/vvp
:ivl_version "11.0 (stable)";
:ivl_delay_selection "TYPICAL";
:vpi_time_precision - 9;
:vpi_module "/opt/homebrew/Cellar/icarus-verilog/11.0/lib/ivl/system.vpi";
:vpi_module "/opt/homebrew/Cellar/icarus-verilog/11.0/lib/ivl/vhdl_sys.vpi";
:vpi_module "/opt/homebrew/Cellar/icarus-verilog/11.0/lib/ivl/vhdl_textio.vpi";
:vpi_module "/opt/homebrew/Cellar/icarus-verilog/11.0/lib/ivl/v2005_math.vpi";
:vpi_module "/opt/homebrew/Cellar/icarus-verilog/11.0/lib/ivl/va_math.vpi";
S_0x14210b640 .scope module, "lcm" "lcm" 2 3;
 .timescale -9 -9;
    .port_info 0 /INPUT 8 "A";
    .port_info 1 /INPUT 8 "B";
    .port_info 2 /INPUT 1 "vld_in";
    .port_info 3 /INPUT 1 "rst_n";
    .port_info 4 /INPUT 1 "clk";
    .port_info 5 /OUTPUT 16 "lcm_out";
    .port_info 6 /OUTPUT 8 "mcd_out";
    .port_info 7 /OUTPUT 1 "vld_out";
P_0x14210b7b0 .param/l "DATA_W" 0 2 4, +C4<00000000000000000000000000001000>;
P_0x14210b7f0 .param/l "IDLE" 0 2 21, C4<00>;
P_0x14210b830 .param/l "st_1" 0 2 22, C4<01>;
P_0x14210b870 .param/l "st_2" 0 2 23, C4<10>;
L_0x141715290 .functor BUFZ 8, v0x141714cb0_0, C4<00000000>, C4<00000000>, C4<00000000>;
o0x128008010 .functor BUFZ 8, C4<zzzzzzzz>; HiZ drive
v0x141704470_0 .net "A", 7 0, o0x128008010;  0 drivers
v0x141714530_0 .var "A_reg", 7 0;
o0x128008070 .functor BUFZ 8, C4<zzzzzzzz>; HiZ drive
v0x1417145e0_0 .net "B", 7 0, o0x128008070;  0 drivers
v0x1417146a0_0 .var "B_reg", 7 0;
v0x141714750_0 .net *"_ivl_0", 15 0, L_0x141715070;  1 drivers
L_0x128040010 .functor BUFT 1, C4<00000000>, C4<0>, C4<0>, C4<0>;
v0x141714840_0 .net *"_ivl_3", 7 0, L_0x128040010;  1 drivers
o0x128008130 .functor BUFZ 1, C4<z>; HiZ drive
v0x1417148f0_0 .net "clk", 0 0, o0x128008130;  0 drivers
v0x141714990_0 .var "lcm", 15 0;
v0x141714a40_0 .net "lcm_out", 15 0, L_0x141715190;  1 drivers
v0x141714b50_0 .var "lcm_reg", 15 0;
v0x141714c00_0 .net "mcd_out", 7 0, L_0x141715290;  1 drivers
v0x141714cb0_0 .var "mcd_reg", 7 0;
o0x128008250 .functor BUFZ 1, C4<z>; HiZ drive
v0x141714d60_0 .net "rst_n", 0 0, o0x128008250;  0 drivers
v0x141714e00_0 .var "state", 1 0;
o0x1280082b0 .functor BUFZ 1, C4<z>; HiZ drive
v0x141714eb0_0 .net "vld_in", 0 0, o0x1280082b0;  0 drivers
v0x141714f50_0 .var "vld_out", 0 0;
E_0x141704420/0 .event negedge, v0x141714d60_0;
E_0x141704420/1 .event posedge, v0x1417148f0_0;
E_0x141704420 .event/or E_0x141704420/0, E_0x141704420/1;
L_0x141715070 .concat [ 8 8 0 0], v0x141714cb0_0, L_0x128040010;
L_0x141715190 .arith/div 16, v0x141714990_0, L_0x141715070;
    .scope S_0x14210b640;
T_0 ;
    %wait E_0x141704420;
    %load/vec4 v0x141714d60_0;
    %cmpi/e 0, 0, 1;
    %jmp/0xz  T_0.0, 4;
    %pushi/vec4 0, 0, 1;
    %assign/vec4 v0x141714f50_0, 0;
    %pushi/vec4 0, 0, 8;
    %assign/vec4 v0x141714530_0, 0;
    %pushi/vec4 0, 0, 8;
    %assign/vec4 v0x1417146a0_0, 0;
    %pushi/vec4 0, 0, 16;
    %assign/vec4 v0x141714990_0, 0;
    %pushi/vec4 0, 0, 8;
    %assign/vec4 v0x141714cb0_0, 0;
    %pushi/vec4 0, 0, 16;
    %assign/vec4 v0x141714b50_0, 0;
    %pushi/vec4 0, 0, 2;
    %assign/vec4 v0x141714e00_0, 0;
    %jmp T_0.1;
T_0.0 ;
    %load/vec4 v0x141714e00_0;
    %dup/vec4;
    %pushi/vec4 0, 0, 2;
    %cmp/u;
    %jmp/1 T_0.2, 6;
    %dup/vec4;
    %pushi/vec4 1, 0, 2;
    %cmp/u;
    %jmp/1 T_0.3, 6;
    %dup/vec4;
    %pushi/vec4 2, 0, 2;
    %cmp/u;
    %jmp/1 T_0.4, 6;
    %jmp T_0.5;
T_0.2 ;
    %pushi/vec4 0, 0, 1;
    %assign/vec4 v0x141714f50_0, 0;
    %load/vec4 v0x141714eb0_0;
    %cmpi/e 1, 0, 1;
    %jmp/0xz  T_0.6, 4;
    %load/vec4 v0x141704470_0;
    %assign/vec4 v0x141714530_0, 0;
    %load/vec4 v0x1417145e0_0;
    %assign/vec4 v0x1417146a0_0, 0;
    %load/vec4 v0x141704470_0;
    %pad/u 16;
    %load/vec4 v0x1417145e0_0;
    %pad/u 16;
    %mul;
    %assign/vec4 v0x141714b50_0, 0;
    %pushi/vec4 1, 0, 2;
    %assign/vec4 v0x141714e00_0, 0;
    %jmp T_0.7;
T_0.6 ;
    %load/vec4 v0x141714530_0;
    %assign/vec4 v0x141714530_0, 0;
    %load/vec4 v0x1417146a0_0;
    %assign/vec4 v0x1417146a0_0, 0;
    %load/vec4 v0x141714b50_0;
    %assign/vec4 v0x141714b50_0, 0;
    %pushi/vec4 0, 0, 2;
    %assign/vec4 v0x141714e00_0, 0;
T_0.7 ;
    %jmp T_0.5;
T_0.3 ;
    %load/vec4 v0x141714530_0;
    %load/vec4 v0x1417146a0_0;
    %cmp/e;
    %jmp/0xz  T_0.8, 4;
    %pushi/vec4 2, 0, 2;
    %assign/vec4 v0x141714e00_0, 0;
    %jmp T_0.9;
T_0.8 ;
    %pushi/vec4 1, 0, 2;
    %assign/vec4 v0x141714e00_0, 0;
    %load/vec4 v0x1417146a0_0;
    %load/vec4 v0x141714530_0;
    %cmp/u;
    %jmp/0xz  T_0.10, 5;
    %load/vec4 v0x141714530_0;
    %load/vec4 v0x1417146a0_0;
    %sub;
    %assign/vec4 v0x141714530_0, 0;
    %jmp T_0.11;
T_0.10 ;
    %load/vec4 v0x141714530_0;
    %load/vec4 v0x1417146a0_0;
    %cmp/u;
    %jmp/0xz  T_0.12, 5;
    %load/vec4 v0x1417146a0_0;
    %load/vec4 v0x141714530_0;
    %sub;
    %assign/vec4 v0x1417146a0_0, 0;
T_0.12 ;
T_0.11 ;
T_0.9 ;
    %jmp T_0.5;
T_0.4 ;
    %pushi/vec4 1, 0, 1;
    %assign/vec4 v0x141714f50_0, 0;
    %load/vec4 v0x141714b50_0;
    %assign/vec4 v0x141714990_0, 0;
    %load/vec4 v0x141714530_0;
    %assign/vec4 v0x141714cb0_0, 0;
    %pushi/vec4 0, 0, 2;
    %assign/vec4 v0x141714e00_0, 0;
    %jmp T_0.5;
T_0.5 ;
    %pop/vec4 1;
T_0.1 ;
    %jmp T_0;
    .thread T_0;
# The file index is used to find the file name in the following table.
:file_names 3;
    "N/A";
    "<interactive>";
    "lcm.v";
